TipCalculatorv1/app/build/intermediates/manifest_merge_blame_file/debug/manifest-merger-blame-debug-report.txt
1<?xml version="1.0" encoding="utf-8"?>
2<manifest xmlns:android="http://schemas.android.com/apk/res/android"
3    package="com.example.tipcalculatorv1"
4    android:versionCode="1"
5    android:versionName="1.0" >
6
7    <uses-sdk
8        android:minSdkVersion="21"
8-->src\main\AndroidManifest.xml
9        android:targetSdkVersion="31" />
9-->src\main\AndroidManifest.xml
10
11    <!-- STORAGE -->
12    <uses-permission android:name="android.permission.MANAGE_EXTERNAL_STORAGE" />
12-->src\main\AndroidManifest.xml:6:5-7:68
12-->src\main\AndroidManifest.xml:7:9-66
13
14    <!-- LOCATION -->
15    <uses-permission android:name="android.permission.ACCESS_BACKGROUND_LOCATION" />
15-->src\main\AndroidManifest.xml:10:5-11:71
15-->src\main\AndroidManifest.xml:11:9-69
16
17    <!-- INTERNET -->
18    <uses-permission android:name="android.permission.INTERNET" />
18-->src\main\AndroidManifest.xml:14:5-15:53
18-->src\main\AndroidManifest.xml:15:9-51
19    <uses-permission android:name="android.permission.ACCESS_NETWORK_STATE" />
19-->src\main\AndroidManifest.xml:16:5-17:65
19-->src\main\AndroidManifest.xml:17:9-63
20
21    <!-- CONTACTS -->
22    <uses-permission android:name="android.permission.READ_CONTACTS" />
22-->src\main\AndroidManifest.xml:20:5-21:58
22-->src\main\AndroidManifest.xml:21:9-56
23
24    <!--
25     Not sure if we need this one
26    <uses-permission
27        android:name="android.permission.WRITE_CONTACTS"/>
28    -->
29    <application
29-->src\main\AndroidManifest.xml:26:5-49:19
30        android:allowBackup="true"
30-->src\main\AndroidManifest.xml:27:9-35
31        android:appComponentFactory="androidx.core.app.CoreComponentFactory"
31-->[androidx.core:core:1.5.0] AndroidManifest.xml:24:18-86
32        android:debuggable="true"
33        android:icon="@mipmap/ic_launcher"
33-->src\main\AndroidManifest.xml:28:9-43
34        android:label="@string/app_name"
34-->src\main\AndroidManifest.xml:29:9-41
35        android:roundIcon="@mipmap/ic_launcher_round"
35-->src\main\AndroidManifest.xml:30:9-54
36        android:supportsRtl="true"
36-->src\main\AndroidManifest.xml:31:9-35
37        android:testOnly="true"
38        android:theme="@style/Theme.TipCalculator" >
38-->src\main\AndroidManifest.xml:32:9-51
39
40        <!-- android:lockTaskMode="always" -->
41
42        <activity
42-->src\main\AndroidManifest.xml:36:9-47:20
43            android:name="com.example.tipcalculatorv1.MainActivity"
43-->src\main\AndroidManifest.xml:37:13-41
44            android:exported="true"
44-->src\main\AndroidManifest.xml:39:13-36
45            android:label="@string/app_name"
45-->src\main\AndroidManifest.xml:40:13-45
46            android:screenOrientation="portrait"
46-->src\main\AndroidManifest.xml:38:13-49
47            android:theme="@style/Theme.TipCalculator" >
47-->src\main\AndroidManifest.xml:41:13-55
48            <intent-filter>
48-->src\main\AndroidManifest.xml:43:13-46:29
49                <action android:name="android.intent.action.MAIN" />
49-->src\main\AndroidManifest.xml:44:17-69
49-->src\main\AndroidManifest.xml:44:25-66
50
51                <category android:name="android.intent.category.LAUNCHER" />
51-->src\main\AndroidManifest.xml:45:17-77
51-->src\main\AndroidManifest.xml:45:27-74
52            </intent-filter>
53        </activity>
54    </application>
55
56</manifest>